<?xml version="1.0" encoding="UTF-8"?>
<!-- Generated by org.testng.reporters.JUnitXMLReporter -->
<testsuite hostname="LAPTOP-5UTAUSDH" name="TestRunner_FireFox" tests="5" failures="0" timestamp="16 Sep 2021 09:41:46 GMT" time="211.699" errors="0">
  <testcase name="sendmailWithoutClickContact" time="9.249" classname="com.crm.autodesk.ContactTest.TC_19_SendmailwithoutSelectContact"/>
  <testcase name="ViewContact" time="5.642" classname="com.crm.autodesk.ContactTest.TC_16_ViewContact"/>
  <testcase name="sendAMailToSelectedContact" time="17.068" classname="com.crm.autodesk.ContactTest.TC_20_SendiningmaleMultipleContactse"/>
  <testcase name="ViewContact" time="42.19" classname="com.crm.autodesk.ContactTest.TC_17_selectOneContactclickDuplicateBtn"/>
  <testcase name="sendaaMailToSelectedContact" time="10.008" classname="com.crm.autodesk.ContactTest.TC_18_SendingAMailToSelectedContact"/>
</testsuite> <!-- TestRunner_FireFox -->
