<?xml version="1.0" encoding="UTF-8"?>
<!-- Generated by org.testng.reporters.JUnitXMLReporter -->
<testsuite hostname="LAPTOP-5UTAUSDH" name="TestRunner_1" tests="5" failures="0" timestamp="15 Sep 2021 07:03:42 GMT" time="126.316" errors="0">
  <testcase name="ViewContact" time="7.074" classname="com.crm.autodesk.ContactTest.TC_16_ViewContact"/>
  <testcase name="sendAMailToSelectedContact" time="15.616" classname="com.crm.autodesk.ContactTest.TC_20_SendiningmaleMultipleContactse"/>
  <testcase name="ViewContact" time="36.357" classname="com.crm.autodesk.ContactTest.TC_17_selectOneContactclickDuplicateBtn"/>
  <testcase name="sendaaMailToSelectedContact" time="12.695" classname="com.crm.autodesk.ContactTest.TC_18_SendingAMailToSelectedContact"/>
  <testcase name="sendmailWithoutClickContact" time="4.738" classname="com.crm.autodesk.ContactTest.TC_19_SendmailwithoutSelectContact"/>
</testsuite> <!-- TestRunner_1 -->
