<?xml version="1.0" encoding="UTF-8"?>
<!-- Generated by org.testng.reporters.JUnitXMLReporter -->
<testsuite hostname="LAPTOP-5UTAUSDH" name="TestRunner_3" tests="4" failures="0" timestamp="15 Sep 2021 07:03:28 GMT" time="112.724" errors="0">
  <testcase name="sendaaMailToSelectedContact" time="14.658" classname="com.crm.autodesk.ContactTest.TC_18_SendingAMailToSelectedContact"/>
  <testcase name="sendAMailToSelectedContact" time="16.266" classname="com.crm.autodesk.ContactTest.TC_20_SendiningmaleMultipleContactse"/>
  <testcase name="ViewContact" time="35.917" classname="com.crm.autodesk.ContactTest.TC_17_selectOneContactclickDuplicateBtn"/>
  <testcase name="sendmailWithoutClickContact" time="5.05" classname="com.crm.autodesk.ContactTest.TC_19_SendmailwithoutSelectContact"/>
</testsuite> <!-- TestRunner_3 -->
