<?xml version="1.0" encoding="UTF-8"?>
<!-- Generated by org.testng.reporters.JUnitXMLReporter -->
<testsuite hostname="LAPTOP-5UTAUSDH" name="TestRunner_Chrome" tests="5" failures="0" timestamp="16 Sep 2021 09:41:16 GMT" time="181.612" errors="0">
  <testcase name="sendmailWithoutClickContact" time="20.428" classname="com.crm.autodesk.ContactTest.TC_19_SendmailwithoutSelectContact"/>
  <testcase name="ViewContact" time="8.653" classname="com.crm.autodesk.ContactTest.TC_16_ViewContact"/>
  <testcase name="sendAMailToSelectedContact" time="24.643" classname="com.crm.autodesk.ContactTest.TC_20_SendiningmaleMultipleContactse"/>
  <testcase name="ViewContact" time="44.5" classname="com.crm.autodesk.ContactTest.TC_17_selectOneContactclickDuplicateBtn"/>
  <testcase name="sendaaMailToSelectedContact" time="14.331" classname="com.crm.autodesk.ContactTest.TC_18_SendingAMailToSelectedContact"/>
</testsuite> <!-- TestRunner_Chrome -->
